2024-11-22 17:44:30  [INFO] 	test.c:18	This is an info message
2024-11-22 17:44:30  [WARNING] 	test.c:19	This is a warning message
2024-11-22 17:44:30  [ERROR] 	test.c:20	This is an error message
2024-11-22 17:44:30  [DEBUG] 	test.c:21	This is a debug message
2024-11-22 17:44:30  [FATAL] 	test.c:22	This is a fatal message
2024-11-22 18:18:32  [INFO] 	test.c:18	This is an info message
2024-11-22 18:18:32  [WARNING] 	test.c:19	This is a warning message
2024-11-22 18:18:32  [ERROR] 	test.c:20	This is an error message
2024-11-22 18:18:32  [DEBUG] 	test.c:21	This is a debug message
2024-11-22 18:18:32  [FATAL] 	test.c:22	This is a fatal message
2024-11-22 18:22:32  [INFO] 	test.c:19	This is an info message
2024-11-22 18:22:32  [WARNING] 	test.c:20	This is a warning message
2024-11-22 18:22:32  [ERROR] 	test.c:21	This is an error message
2024-11-22 18:22:32  [DEBUG] 	test.c:22	This is a debug message
2024-11-22 18:22:32  [FATAL] 	test.c:23	This is a fatal message
2024-11-22 18:24:23  [INFO] 	test.c:18	This is an info message
2024-11-22 18:24:23  [WARNING] 	test.c:19	This is a warning message
2024-11-22 18:24:23  [ERROR] 	test.c:20	This is an error message
2024-11-22 18:24:23  [DEBUG] 	test.c:21	This is a debug message
2024-11-22 18:24:23  [FATAL] 	test.c:22	This is a fatal message
